<?xml version="1.0" encoding="UTF-8"?>
<!-- Generated by org.testng.reporters.JUnitXMLReporter -->
<testsuite ignored="0" hostname="DESKTOP-07REC6T" failures="0" tests="8" name="Default test" time="91.153" errors="0" timestamp="2022-07-11T15:27:42 IST">
  <testcase classname="test.BookMyShowTest" name="bookTickets" time="13.675"/>
  <testcase classname="test.BookMyShowTest" name="movieDetails" time="1.581"/>
  <testcase classname="test.BookMyShowTest" name="seatSelection" time="0.577"/>
  <testcase classname="test.BookMyShowTest" name="payment" time="22.656"/>
  <testcase classname="test.BookMyShowTest" name="loginOTP" time="13.068"/>
  <testcase classname="test.BookMyShowTest" name="home_page_test" time="1.903"/>
  <testcase classname="test.BookMyShowTest" name="list_your_show_link_test" time="0.351"/>
  <testcase classname="test.BookMyShowTest" name="form_fill_test" time="25.133"/>
</testsuite> <!-- Default test -->
